<?xml version="1.0" encoding="utf-8" standalone="no"?>
<!--This file represents the results of running a test suite-->
<test-results name="C:\mark\fs\FRisk\tests\FRisk.Tests\bin\Debug\FRisk.Tests.dll" total="1" errors="1" failures="0" not-run="0" inconclusive="0" ignored="0" skipped="0" invalid="0" date="2015-10-28" time="15:03:36">
  <environment nunit-version="2.6.4.14350" clr-version="2.0.50727.8662" os-version="Microsoft Windows NT 6.2.9200.0" platform="Win32NT" cwd="C:\mark\fs\FRisk" machine-name="CC001" user="markstownsend" user-domain="CC001" />
  <culture-info current-culture="en-GB" current-uiculture="en-US" />
  <test-suite type="Assembly" name="C:\mark\fs\FRisk\tests\FRisk.Tests\bin\Debug\FRisk.Tests.dll" executed="True" result="Failure" success="False" time="0.076" asserts="0">
    <results>
      <test-suite type="Namespace" name="FRisk" executed="True" result="Failure" success="False" time="0.064" asserts="0">
        <results>
          <test-suite type="TestFixture" name="Tests" executed="True" result="Failure" success="False" time="0.063" asserts="0">
            <results>
              <test-case name="FRisk.Tests.logReturns returns 2 elements" executed="True" result="Error" success="False" time="0.054" asserts="0">
                <failure>
                  <message><![CDATA[System.IndexOutOfRangeException : Index was outside the bounds of the array.]]></message>
                  <stack-trace><![CDATA[at FRisk.Volatility.logReturns@15.Invoke(Int32 i, Double p) in C:\mark\fs\FRisk\src\FRisk\Volatility.fs:line 15
at Microsoft.FSharp.Collections.IEnumerator.mapi@122.DoMoveNext(b& )
at Microsoft.FSharp.Collections.IEnumerator.MapEnumerator`1.System-Collections-IEnumerator-MoveNext()
at Microsoft.FSharp.Collections.SeqModule.ToArray[T](IEnumerable`1 source)
at FRisk.Volatility.logReturns(Double[] prices) in C:\mark\fs\FRisk\src\FRisk\Volatility.fs:line 12
at FRisk.Tests.logReturns returns 2 elements() in C:\mark\fs\FRisk\tests\FRisk.Tests\Tests.fs:line 8
]]></stack-trace>
                </failure>
              </test-case>
            </results>
          </test-suite>
        </results>
      </test-suite>
    </results>
  </test-suite>
</test-results>